[2019-12-05 15:28:34,756] DEBUG preRegister called. Server=com.sun.jmx.mbeanserver.JmxMBeanServer@2a556333, name=log4j:logger=kafka.controller (kafka.controller)
[2019-12-05 15:29:48,262] INFO [ControllerEventThread controllerId=0] Starting (kafka.controller.ControllerEventManager$ControllerEventThread)
[2019-12-05 15:29:48,364] INFO [Controller id=0] 0 successfully elected as the controller. Epoch incremented to 1 and epoch zk version is now 1 (kafka.controller.KafkaController)
[2019-12-05 15:29:48,365] INFO [Controller id=0] Registering handlers (kafka.controller.KafkaController)
[2019-12-05 15:29:48,368] INFO [Controller id=0] Deleting log dir event notifications (kafka.controller.KafkaController)
[2019-12-05 15:29:48,371] INFO [Controller id=0] Deleting isr change notifications (kafka.controller.KafkaController)
[2019-12-05 15:29:48,421] INFO [Controller id=0] Initializing controller context (kafka.controller.KafkaController)
[2019-12-05 15:29:48,453] DEBUG [Controller id=0] Register BrokerModifications handler for Set(0) (kafka.controller.KafkaController)
[2019-12-05 15:29:48,460] DEBUG [Channel manager on controller 0]: Controller 0 trying to connect to broker 0 (kafka.controller.ControllerChannelManager)
[2019-12-05 15:29:48,469] INFO [RequestSendThread controllerId=0] Starting (kafka.controller.RequestSendThread)
[2019-12-05 15:29:48,471] INFO [Controller id=0] Partitions being reassigned: Map() (kafka.controller.KafkaController)
[2019-12-05 15:29:48,472] INFO [Controller id=0] Currently active brokers in the cluster: Set(0) (kafka.controller.KafkaController)
[2019-12-05 15:29:48,472] INFO [Controller id=0] Currently shutting brokers in the cluster: Set() (kafka.controller.KafkaController)
[2019-12-05 15:29:48,472] INFO [Controller id=0] Current list of topics in the cluster: Set() (kafka.controller.KafkaController)
[2019-12-05 15:29:48,473] INFO [Controller id=0] Fetching topic deletions in progress (kafka.controller.KafkaController)
[2019-12-05 15:29:48,476] INFO [Controller id=0] List of topics to be deleted:  (kafka.controller.KafkaController)
[2019-12-05 15:29:48,476] INFO [Controller id=0] List of topics ineligible for deletion:  (kafka.controller.KafkaController)
[2019-12-05 15:29:48,477] INFO [Controller id=0] Initializing topic deletion manager (kafka.controller.KafkaController)
[2019-12-05 15:29:48,477] INFO [Controller id=0] Sending update metadata request (kafka.controller.KafkaController)
[2019-12-05 15:29:48,484] INFO [ReplicaStateMachine controllerId=0] Initializing replica state (kafka.controller.ReplicaStateMachine)
[2019-12-05 15:29:48,484] INFO [ReplicaStateMachine controllerId=0] Triggering online replica state changes (kafka.controller.ReplicaStateMachine)
[2019-12-05 15:29:48,496] INFO [ReplicaStateMachine controllerId=0] Started replica state machine with initial state -> Map() (kafka.controller.ReplicaStateMachine)
[2019-12-05 15:29:48,496] INFO [PartitionStateMachine controllerId=0] Initializing partition state (kafka.controller.PartitionStateMachine)
[2019-12-05 15:29:48,497] INFO [PartitionStateMachine controllerId=0] Triggering online partition state changes (kafka.controller.PartitionStateMachine)
[2019-12-05 15:29:48,497] INFO [RequestSendThread controllerId=0] Controller 0 connected to DH-RLOAYZA.corp.dharbor.com:9092 (id: 0 rack: null) for sending state change requests (kafka.controller.RequestSendThread)
[2019-12-05 15:29:48,500] INFO [PartitionStateMachine controllerId=0] Started partition state machine with initial state -> Map() (kafka.controller.PartitionStateMachine)
[2019-12-05 15:29:48,500] INFO [Controller id=0] Ready to serve as the new controller with epoch 1 (kafka.controller.KafkaController)
[2019-12-05 15:29:48,505] INFO [Controller id=0] Removing partitions Set() from the list of reassigned partitions in zookeeper (kafka.controller.KafkaController)
[2019-12-05 15:29:48,505] INFO [Controller id=0] No more partitions need to be reassigned. Deleting zk path /admin/reassign_partitions (kafka.controller.KafkaController)
[2019-12-05 15:29:48,566] INFO [Controller id=0] Partitions undergoing preferred replica election:  (kafka.controller.KafkaController)
[2019-12-05 15:29:48,566] INFO [Controller id=0] Partitions that completed preferred replica election:  (kafka.controller.KafkaController)
[2019-12-05 15:29:48,567] INFO [Controller id=0] Skipping preferred replica election for partitions due to topic deletion:  (kafka.controller.KafkaController)
[2019-12-05 15:29:48,567] INFO [Controller id=0] Resuming preferred replica election for partitions:  (kafka.controller.KafkaController)
[2019-12-05 15:29:48,567] INFO [Controller id=0] Starting preferred replica leader election for partitions  (kafka.controller.KafkaController)
[2019-12-05 15:29:48,625] INFO [Controller id=0] Starting the controller scheduler (kafka.controller.KafkaController)
[2019-12-05 15:29:53,627] TRACE [Controller id=0] Checking need to trigger auto leader balancing (kafka.controller.KafkaController)
[2019-12-05 15:29:53,628] DEBUG [Controller id=0] Preferred replicas by broker Map() (kafka.controller.KafkaController)
[2019-12-05 15:33:39,311] INFO [Controller id=0] New topics: [Set(testRommel)], deleted topics: [Set()], new partition replica assignment [Map(testRommel-0 -> Vector(0))] (kafka.controller.KafkaController)
[2019-12-05 15:33:39,312] INFO [Controller id=0] New partition creation callback for testRommel-0 (kafka.controller.KafkaController)
[2019-12-05 15:34:39,537] WARN [RequestSendThread controllerId=0] Controller 0 epoch 1 fails to send request (type=LeaderAndIsRequest, controllerId=0, controllerEpoch=1, partitionStates={testRommel-0=PartitionState(controllerEpoch=1, leader=0, leaderEpoch=0, isr=0, zkVersion=0, replicas=0, isNew=true)}, liveLeaders=(DH-RLOAYZA.corp.dharbor.com:9092 (id: 0 rack: null))) to broker DH-RLOAYZA.corp.dharbor.com:9092 (id: 0 rack: null). Reconnecting to broker. (kafka.controller.RequestSendThread)
java.io.IOException: Connection to 0 was disconnected before the response was read
	at org.apache.kafka.clients.NetworkClientUtils.sendAndReceive(NetworkClientUtils.java:100)
	at kafka.controller.RequestSendThread.doWork(ControllerChannelManager.scala:240)
	at kafka.utils.ShutdownableThread.run(ShutdownableThread.scala:82)
[2019-12-05 15:34:39,642] INFO [RequestSendThread controllerId=0] Controller 0 connected to DH-RLOAYZA.corp.dharbor.com:9092 (id: 0 rack: null) for sending state change requests (kafka.controller.RequestSendThread)
[2019-12-05 15:34:53,620] TRACE [Controller id=0] Checking need to trigger auto leader balancing (kafka.controller.KafkaController)
[2019-12-05 15:34:53,620] DEBUG [Controller id=0] Preferred replicas by broker Map(0 -> Map(testRommel-0 -> Vector(0))) (kafka.controller.KafkaController)
[2019-12-05 15:34:53,621] DEBUG [Controller id=0] Topics not in preferred replica for broker 0 Map() (kafka.controller.KafkaController)
[2019-12-05 15:34:53,622] TRACE [Controller id=0] Leader imbalance ratio for broker 0 is 0.0 (kafka.controller.KafkaController)
[2019-12-05 15:35:09,644] WARN [RequestSendThread controllerId=0] Controller 0 epoch 1 fails to send request (type=LeaderAndIsRequest, controllerId=0, controllerEpoch=1, partitionStates={testRommel-0=PartitionState(controllerEpoch=1, leader=0, leaderEpoch=0, isr=0, zkVersion=0, replicas=0, isNew=true)}, liveLeaders=(DH-RLOAYZA.corp.dharbor.com:9092 (id: 0 rack: null))) to broker DH-RLOAYZA.corp.dharbor.com:9092 (id: 0 rack: null). Reconnecting to broker. (kafka.controller.RequestSendThread)
java.io.IOException: Connection to 0 was disconnected before the response was read
	at org.apache.kafka.clients.NetworkClientUtils.sendAndReceive(NetworkClientUtils.java:100)
	at kafka.controller.RequestSendThread.doWork(ControllerChannelManager.scala:240)
	at kafka.utils.ShutdownableThread.run(ShutdownableThread.scala:82)
[2019-12-05 15:35:09,746] INFO [RequestSendThread controllerId=0] Controller 0 connected to DH-RLOAYZA.corp.dharbor.com:9092 (id: 0 rack: null) for sending state change requests (kafka.controller.RequestSendThread)
[2019-12-05 15:35:39,747] WARN [RequestSendThread controllerId=0] Controller 0 epoch 1 fails to send request (type=LeaderAndIsRequest, controllerId=0, controllerEpoch=1, partitionStates={testRommel-0=PartitionState(controllerEpoch=1, leader=0, leaderEpoch=0, isr=0, zkVersion=0, replicas=0, isNew=true)}, liveLeaders=(DH-RLOAYZA.corp.dharbor.com:9092 (id: 0 rack: null))) to broker DH-RLOAYZA.corp.dharbor.com:9092 (id: 0 rack: null). Reconnecting to broker. (kafka.controller.RequestSendThread)
java.io.IOException: Connection to 0 was disconnected before the response was read
	at org.apache.kafka.clients.NetworkClientUtils.sendAndReceive(NetworkClientUtils.java:100)
	at kafka.controller.RequestSendThread.doWork(ControllerChannelManager.scala:240)
	at kafka.utils.ShutdownableThread.run(ShutdownableThread.scala:82)
[2019-12-05 15:35:39,851] INFO [RequestSendThread controllerId=0] Controller 0 connected to DH-RLOAYZA.corp.dharbor.com:9092 (id: 0 rack: null) for sending state change requests (kafka.controller.RequestSendThread)
[2019-12-05 15:36:09,854] WARN [RequestSendThread controllerId=0] Controller 0 epoch 1 fails to send request (type=LeaderAndIsRequest, controllerId=0, controllerEpoch=1, partitionStates={testRommel-0=PartitionState(controllerEpoch=1, leader=0, leaderEpoch=0, isr=0, zkVersion=0, replicas=0, isNew=true)}, liveLeaders=(DH-RLOAYZA.corp.dharbor.com:9092 (id: 0 rack: null))) to broker DH-RLOAYZA.corp.dharbor.com:9092 (id: 0 rack: null). Reconnecting to broker. (kafka.controller.RequestSendThread)
java.io.IOException: Connection to 0 was disconnected before the response was read
	at org.apache.kafka.clients.NetworkClientUtils.sendAndReceive(NetworkClientUtils.java:100)
	at kafka.controller.RequestSendThread.doWork(ControllerChannelManager.scala:240)
	at kafka.utils.ShutdownableThread.run(ShutdownableThread.scala:82)
[2019-12-05 15:36:09,960] INFO [RequestSendThread controllerId=0] Controller 0 connected to DH-RLOAYZA.corp.dharbor.com:9092 (id: 0 rack: null) for sending state change requests (kafka.controller.RequestSendThread)
[2019-12-05 15:36:39,962] WARN [RequestSendThread controllerId=0] Controller 0 epoch 1 fails to send request (type=LeaderAndIsRequest, controllerId=0, controllerEpoch=1, partitionStates={testRommel-0=PartitionState(controllerEpoch=1, leader=0, leaderEpoch=0, isr=0, zkVersion=0, replicas=0, isNew=true)}, liveLeaders=(DH-RLOAYZA.corp.dharbor.com:9092 (id: 0 rack: null))) to broker DH-RLOAYZA.corp.dharbor.com:9092 (id: 0 rack: null). Reconnecting to broker. (kafka.controller.RequestSendThread)
java.io.IOException: Connection to 0 was disconnected before the response was read
	at org.apache.kafka.clients.NetworkClientUtils.sendAndReceive(NetworkClientUtils.java:100)
	at kafka.controller.RequestSendThread.doWork(ControllerChannelManager.scala:240)
	at kafka.utils.ShutdownableThread.run(ShutdownableThread.scala:82)
[2019-12-05 15:36:40,068] INFO [RequestSendThread controllerId=0] Controller 0 connected to DH-RLOAYZA.corp.dharbor.com:9092 (id: 0 rack: null) for sending state change requests (kafka.controller.RequestSendThread)
[2019-12-05 15:37:10,073] WARN [RequestSendThread controllerId=0] Controller 0 epoch 1 fails to send request (type=LeaderAndIsRequest, controllerId=0, controllerEpoch=1, partitionStates={testRommel-0=PartitionState(controllerEpoch=1, leader=0, leaderEpoch=0, isr=0, zkVersion=0, replicas=0, isNew=true)}, liveLeaders=(DH-RLOAYZA.corp.dharbor.com:9092 (id: 0 rack: null))) to broker DH-RLOAYZA.corp.dharbor.com:9092 (id: 0 rack: null). Reconnecting to broker. (kafka.controller.RequestSendThread)
java.io.IOException: Connection to 0 was disconnected before the response was read
	at org.apache.kafka.clients.NetworkClientUtils.sendAndReceive(NetworkClientUtils.java:100)
	at kafka.controller.RequestSendThread.doWork(ControllerChannelManager.scala:240)
	at kafka.utils.ShutdownableThread.run(ShutdownableThread.scala:82)
[2019-12-05 15:37:10,178] INFO [RequestSendThread controllerId=0] Controller 0 connected to DH-RLOAYZA.corp.dharbor.com:9092 (id: 0 rack: null) for sending state change requests (kafka.controller.RequestSendThread)
[2019-12-05 15:37:40,180] WARN [RequestSendThread controllerId=0] Controller 0 epoch 1 fails to send request (type=LeaderAndIsRequest, controllerId=0, controllerEpoch=1, partitionStates={testRommel-0=PartitionState(controllerEpoch=1, leader=0, leaderEpoch=0, isr=0, zkVersion=0, replicas=0, isNew=true)}, liveLeaders=(DH-RLOAYZA.corp.dharbor.com:9092 (id: 0 rack: null))) to broker DH-RLOAYZA.corp.dharbor.com:9092 (id: 0 rack: null). Reconnecting to broker. (kafka.controller.RequestSendThread)
java.io.IOException: Connection to 0 was disconnected before the response was read
	at org.apache.kafka.clients.NetworkClientUtils.sendAndReceive(NetworkClientUtils.java:100)
	at kafka.controller.RequestSendThread.doWork(ControllerChannelManager.scala:240)
	at kafka.utils.ShutdownableThread.run(ShutdownableThread.scala:82)
[2019-12-05 15:37:40,284] INFO [RequestSendThread controllerId=0] Controller 0 connected to DH-RLOAYZA.corp.dharbor.com:9092 (id: 0 rack: null) for sending state change requests (kafka.controller.RequestSendThread)
[2019-12-05 15:38:10,286] WARN [RequestSendThread controllerId=0] Controller 0 epoch 1 fails to send request (type=LeaderAndIsRequest, controllerId=0, controllerEpoch=1, partitionStates={testRommel-0=PartitionState(controllerEpoch=1, leader=0, leaderEpoch=0, isr=0, zkVersion=0, replicas=0, isNew=true)}, liveLeaders=(DH-RLOAYZA.corp.dharbor.com:9092 (id: 0 rack: null))) to broker DH-RLOAYZA.corp.dharbor.com:9092 (id: 0 rack: null). Reconnecting to broker. (kafka.controller.RequestSendThread)
java.io.IOException: Connection to 0 was disconnected before the response was read
	at org.apache.kafka.clients.NetworkClientUtils.sendAndReceive(NetworkClientUtils.java:100)
	at kafka.controller.RequestSendThread.doWork(ControllerChannelManager.scala:240)
	at kafka.utils.ShutdownableThread.run(ShutdownableThread.scala:82)
[2019-12-05 15:38:10,389] INFO [RequestSendThread controllerId=0] Controller 0 connected to DH-RLOAYZA.corp.dharbor.com:9092 (id: 0 rack: null) for sending state change requests (kafka.controller.RequestSendThread)
[2019-12-05 15:38:40,390] WARN [RequestSendThread controllerId=0] Controller 0 epoch 1 fails to send request (type=LeaderAndIsRequest, controllerId=0, controllerEpoch=1, partitionStates={testRommel-0=PartitionState(controllerEpoch=1, leader=0, leaderEpoch=0, isr=0, zkVersion=0, replicas=0, isNew=true)}, liveLeaders=(DH-RLOAYZA.corp.dharbor.com:9092 (id: 0 rack: null))) to broker DH-RLOAYZA.corp.dharbor.com:9092 (id: 0 rack: null). Reconnecting to broker. (kafka.controller.RequestSendThread)
java.io.IOException: Connection to 0 was disconnected before the response was read
	at org.apache.kafka.clients.NetworkClientUtils.sendAndReceive(NetworkClientUtils.java:100)
	at kafka.controller.RequestSendThread.doWork(ControllerChannelManager.scala:240)
	at kafka.utils.ShutdownableThread.run(ShutdownableThread.scala:82)
[2019-12-05 15:38:40,493] INFO [RequestSendThread controllerId=0] Controller 0 connected to DH-RLOAYZA.corp.dharbor.com:9092 (id: 0 rack: null) for sending state change requests (kafka.controller.RequestSendThread)
[2019-12-05 15:39:10,494] WARN [RequestSendThread controllerId=0] Controller 0 epoch 1 fails to send request (type=LeaderAndIsRequest, controllerId=0, controllerEpoch=1, partitionStates={testRommel-0=PartitionState(controllerEpoch=1, leader=0, leaderEpoch=0, isr=0, zkVersion=0, replicas=0, isNew=true)}, liveLeaders=(DH-RLOAYZA.corp.dharbor.com:9092 (id: 0 rack: null))) to broker DH-RLOAYZA.corp.dharbor.com:9092 (id: 0 rack: null). Reconnecting to broker. (kafka.controller.RequestSendThread)
java.io.IOException: Connection to 0 was disconnected before the response was read
	at org.apache.kafka.clients.NetworkClientUtils.sendAndReceive(NetworkClientUtils.java:100)
	at kafka.controller.RequestSendThread.doWork(ControllerChannelManager.scala:240)
	at kafka.utils.ShutdownableThread.run(ShutdownableThread.scala:82)
[2019-12-05 15:39:10,597] INFO [RequestSendThread controllerId=0] Controller 0 connected to DH-RLOAYZA.corp.dharbor.com:9092 (id: 0 rack: null) for sending state change requests (kafka.controller.RequestSendThread)
[2019-12-05 15:39:40,600] WARN [RequestSendThread controllerId=0] Controller 0 epoch 1 fails to send request (type=LeaderAndIsRequest, controllerId=0, controllerEpoch=1, partitionStates={testRommel-0=PartitionState(controllerEpoch=1, leader=0, leaderEpoch=0, isr=0, zkVersion=0, replicas=0, isNew=true)}, liveLeaders=(DH-RLOAYZA.corp.dharbor.com:9092 (id: 0 rack: null))) to broker DH-RLOAYZA.corp.dharbor.com:9092 (id: 0 rack: null). Reconnecting to broker. (kafka.controller.RequestSendThread)
java.io.IOException: Connection to 0 was disconnected before the response was read
	at org.apache.kafka.clients.NetworkClientUtils.sendAndReceive(NetworkClientUtils.java:100)
	at kafka.controller.RequestSendThread.doWork(ControllerChannelManager.scala:240)
	at kafka.utils.ShutdownableThread.run(ShutdownableThread.scala:82)
[2019-12-05 15:39:40,702] INFO [RequestSendThread controllerId=0] Controller 0 connected to DH-RLOAYZA.corp.dharbor.com:9092 (id: 0 rack: null) for sending state change requests (kafka.controller.RequestSendThread)
[2019-12-05 15:39:53,620] TRACE [Controller id=0] Checking need to trigger auto leader balancing (kafka.controller.KafkaController)
[2019-12-05 15:39:53,620] DEBUG [Controller id=0] Preferred replicas by broker Map(0 -> Map(testRommel-0 -> Vector(0))) (kafka.controller.KafkaController)
[2019-12-05 15:39:53,620] DEBUG [Controller id=0] Topics not in preferred replica for broker 0 Map() (kafka.controller.KafkaController)
[2019-12-05 15:39:53,621] TRACE [Controller id=0] Leader imbalance ratio for broker 0 is 0.0 (kafka.controller.KafkaController)
[2019-12-05 15:40:10,703] WARN [RequestSendThread controllerId=0] Controller 0 epoch 1 fails to send request (type=LeaderAndIsRequest, controllerId=0, controllerEpoch=1, partitionStates={testRommel-0=PartitionState(controllerEpoch=1, leader=0, leaderEpoch=0, isr=0, zkVersion=0, replicas=0, isNew=true)}, liveLeaders=(DH-RLOAYZA.corp.dharbor.com:9092 (id: 0 rack: null))) to broker DH-RLOAYZA.corp.dharbor.com:9092 (id: 0 rack: null). Reconnecting to broker. (kafka.controller.RequestSendThread)
java.io.IOException: Connection to 0 was disconnected before the response was read
	at org.apache.kafka.clients.NetworkClientUtils.sendAndReceive(NetworkClientUtils.java:100)
	at kafka.controller.RequestSendThread.doWork(ControllerChannelManager.scala:240)
	at kafka.utils.ShutdownableThread.run(ShutdownableThread.scala:82)
[2019-12-05 15:40:10,807] INFO [RequestSendThread controllerId=0] Controller 0 connected to DH-RLOAYZA.corp.dharbor.com:9092 (id: 0 rack: null) for sending state change requests (kafka.controller.RequestSendThread)
[2019-12-05 15:41:10,809] WARN [RequestSendThread controllerId=0] Controller 0 epoch 1 fails to send request (type=LeaderAndIsRequest, controllerId=0, controllerEpoch=1, partitionStates={testRommel-0=PartitionState(controllerEpoch=1, leader=0, leaderEpoch=0, isr=0, zkVersion=0, replicas=0, isNew=true)}, liveLeaders=(DH-RLOAYZA.corp.dharbor.com:9092 (id: 0 rack: null))) to broker DH-RLOAYZA.corp.dharbor.com:9092 (id: 0 rack: null). Reconnecting to broker. (kafka.controller.RequestSendThread)
java.io.IOException: Connection to 0 was disconnected before the response was read
	at org.apache.kafka.clients.NetworkClientUtils.sendAndReceive(NetworkClientUtils.java:100)
	at kafka.controller.RequestSendThread.doWork(ControllerChannelManager.scala:240)
	at kafka.utils.ShutdownableThread.run(ShutdownableThread.scala:82)
[2019-12-05 15:41:10,912] INFO [RequestSendThread controllerId=0] Controller 0 connected to DH-RLOAYZA.corp.dharbor.com:9092 (id: 0 rack: null) for sending state change requests (kafka.controller.RequestSendThread)
[2019-12-05 15:41:40,913] WARN [RequestSendThread controllerId=0] Controller 0 epoch 1 fails to send request (type=LeaderAndIsRequest, controllerId=0, controllerEpoch=1, partitionStates={testRommel-0=PartitionState(controllerEpoch=1, leader=0, leaderEpoch=0, isr=0, zkVersion=0, replicas=0, isNew=true)}, liveLeaders=(DH-RLOAYZA.corp.dharbor.com:9092 (id: 0 rack: null))) to broker DH-RLOAYZA.corp.dharbor.com:9092 (id: 0 rack: null). Reconnecting to broker. (kafka.controller.RequestSendThread)
java.io.IOException: Connection to 0 was disconnected before the response was read
	at org.apache.kafka.clients.NetworkClientUtils.sendAndReceive(NetworkClientUtils.java:100)
	at kafka.controller.RequestSendThread.doWork(ControllerChannelManager.scala:240)
	at kafka.utils.ShutdownableThread.run(ShutdownableThread.scala:82)
[2019-12-05 15:41:41,014] INFO [RequestSendThread controllerId=0] Controller 0 connected to DH-RLOAYZA.corp.dharbor.com:9092 (id: 0 rack: null) for sending state change requests (kafka.controller.RequestSendThread)
[2019-12-05 15:42:11,016] WARN [RequestSendThread controllerId=0] Controller 0 epoch 1 fails to send request (type=LeaderAndIsRequest, controllerId=0, controllerEpoch=1, partitionStates={testRommel-0=PartitionState(controllerEpoch=1, leader=0, leaderEpoch=0, isr=0, zkVersion=0, replicas=0, isNew=true)}, liveLeaders=(DH-RLOAYZA.corp.dharbor.com:9092 (id: 0 rack: null))) to broker DH-RLOAYZA.corp.dharbor.com:9092 (id: 0 rack: null). Reconnecting to broker. (kafka.controller.RequestSendThread)
java.io.IOException: Connection to 0 was disconnected before the response was read
	at org.apache.kafka.clients.NetworkClientUtils.sendAndReceive(NetworkClientUtils.java:100)
	at kafka.controller.RequestSendThread.doWork(ControllerChannelManager.scala:240)
	at kafka.utils.ShutdownableThread.run(ShutdownableThread.scala:82)
[2019-12-05 15:42:11,119] INFO [RequestSendThread controllerId=0] Controller 0 connected to DH-RLOAYZA.corp.dharbor.com:9092 (id: 0 rack: null) for sending state change requests (kafka.controller.RequestSendThread)
[2019-12-05 15:43:11,119] WARN [RequestSendThread controllerId=0] Controller 0 epoch 1 fails to send request (type=LeaderAndIsRequest, controllerId=0, controllerEpoch=1, partitionStates={testRommel-0=PartitionState(controllerEpoch=1, leader=0, leaderEpoch=0, isr=0, zkVersion=0, replicas=0, isNew=true)}, liveLeaders=(DH-RLOAYZA.corp.dharbor.com:9092 (id: 0 rack: null))) to broker DH-RLOAYZA.corp.dharbor.com:9092 (id: 0 rack: null). Reconnecting to broker. (kafka.controller.RequestSendThread)
java.io.IOException: Connection to 0 was disconnected before the response was read
	at org.apache.kafka.clients.NetworkClientUtils.sendAndReceive(NetworkClientUtils.java:100)
	at kafka.controller.RequestSendThread.doWork(ControllerChannelManager.scala:240)
	at kafka.utils.ShutdownableThread.run(ShutdownableThread.scala:82)
[2019-12-05 15:43:11,222] INFO [RequestSendThread controllerId=0] Controller 0 connected to DH-RLOAYZA.corp.dharbor.com:9092 (id: 0 rack: null) for sending state change requests (kafka.controller.RequestSendThread)
[2019-12-05 15:43:41,223] WARN [RequestSendThread controllerId=0] Controller 0 epoch 1 fails to send request (type=LeaderAndIsRequest, controllerId=0, controllerEpoch=1, partitionStates={testRommel-0=PartitionState(controllerEpoch=1, leader=0, leaderEpoch=0, isr=0, zkVersion=0, replicas=0, isNew=true)}, liveLeaders=(DH-RLOAYZA.corp.dharbor.com:9092 (id: 0 rack: null))) to broker DH-RLOAYZA.corp.dharbor.com:9092 (id: 0 rack: null). Reconnecting to broker. (kafka.controller.RequestSendThread)
java.io.IOException: Connection to 0 was disconnected before the response was read
	at org.apache.kafka.clients.NetworkClientUtils.sendAndReceive(NetworkClientUtils.java:100)
	at kafka.controller.RequestSendThread.doWork(ControllerChannelManager.scala:240)
	at kafka.utils.ShutdownableThread.run(ShutdownableThread.scala:82)
[2019-12-05 15:43:41,326] INFO [RequestSendThread controllerId=0] Controller 0 connected to DH-RLOAYZA.corp.dharbor.com:9092 (id: 0 rack: null) for sending state change requests (kafka.controller.RequestSendThread)
[2019-12-05 15:44:41,327] WARN [RequestSendThread controllerId=0] Controller 0 epoch 1 fails to send request (type=LeaderAndIsRequest, controllerId=0, controllerEpoch=1, partitionStates={testRommel-0=PartitionState(controllerEpoch=1, leader=0, leaderEpoch=0, isr=0, zkVersion=0, replicas=0, isNew=true)}, liveLeaders=(DH-RLOAYZA.corp.dharbor.com:9092 (id: 0 rack: null))) to broker DH-RLOAYZA.corp.dharbor.com:9092 (id: 0 rack: null). Reconnecting to broker. (kafka.controller.RequestSendThread)
java.io.IOException: Connection to 0 was disconnected before the response was read
	at org.apache.kafka.clients.NetworkClientUtils.sendAndReceive(NetworkClientUtils.java:100)
	at kafka.controller.RequestSendThread.doWork(ControllerChannelManager.scala:240)
	at kafka.utils.ShutdownableThread.run(ShutdownableThread.scala:82)
[2019-12-05 15:44:41,431] INFO [RequestSendThread controllerId=0] Controller 0 connected to DH-RLOAYZA.corp.dharbor.com:9092 (id: 0 rack: null) for sending state change requests (kafka.controller.RequestSendThread)
[2019-12-05 15:44:53,620] TRACE [Controller id=0] Checking need to trigger auto leader balancing (kafka.controller.KafkaController)
[2019-12-05 15:44:53,620] DEBUG [Controller id=0] Preferred replicas by broker Map(0 -> Map(testRommel-0 -> Vector(0))) (kafka.controller.KafkaController)
[2019-12-05 15:44:53,621] DEBUG [Controller id=0] Topics not in preferred replica for broker 0 Map() (kafka.controller.KafkaController)
[2019-12-05 15:44:53,621] TRACE [Controller id=0] Leader imbalance ratio for broker 0 is 0.0 (kafka.controller.KafkaController)
[2019-12-05 15:45:11,432] WARN [RequestSendThread controllerId=0] Controller 0 epoch 1 fails to send request (type=LeaderAndIsRequest, controllerId=0, controllerEpoch=1, partitionStates={testRommel-0=PartitionState(controllerEpoch=1, leader=0, leaderEpoch=0, isr=0, zkVersion=0, replicas=0, isNew=true)}, liveLeaders=(DH-RLOAYZA.corp.dharbor.com:9092 (id: 0 rack: null))) to broker DH-RLOAYZA.corp.dharbor.com:9092 (id: 0 rack: null). Reconnecting to broker. (kafka.controller.RequestSendThread)
java.io.IOException: Connection to 0 was disconnected before the response was read
	at org.apache.kafka.clients.NetworkClientUtils.sendAndReceive(NetworkClientUtils.java:100)
	at kafka.controller.RequestSendThread.doWork(ControllerChannelManager.scala:240)
	at kafka.utils.ShutdownableThread.run(ShutdownableThread.scala:82)
[2019-12-05 15:45:11,535] INFO [RequestSendThread controllerId=0] Controller 0 connected to DH-RLOAYZA.corp.dharbor.com:9092 (id: 0 rack: null) for sending state change requests (kafka.controller.RequestSendThread)
[2019-12-05 15:45:41,537] WARN [RequestSendThread controllerId=0] Controller 0 epoch 1 fails to send request (type=LeaderAndIsRequest, controllerId=0, controllerEpoch=1, partitionStates={testRommel-0=PartitionState(controllerEpoch=1, leader=0, leaderEpoch=0, isr=0, zkVersion=0, replicas=0, isNew=true)}, liveLeaders=(DH-RLOAYZA.corp.dharbor.com:9092 (id: 0 rack: null))) to broker DH-RLOAYZA.corp.dharbor.com:9092 (id: 0 rack: null). Reconnecting to broker. (kafka.controller.RequestSendThread)
java.io.IOException: Connection to 0 was disconnected before the response was read
	at org.apache.kafka.clients.NetworkClientUtils.sendAndReceive(NetworkClientUtils.java:100)
	at kafka.controller.RequestSendThread.doWork(ControllerChannelManager.scala:240)
	at kafka.utils.ShutdownableThread.run(ShutdownableThread.scala:82)
[2019-12-05 15:45:41,644] INFO [RequestSendThread controllerId=0] Controller 0 connected to DH-RLOAYZA.corp.dharbor.com:9092 (id: 0 rack: null) for sending state change requests (kafka.controller.RequestSendThread)
[2019-12-05 15:46:11,645] WARN [RequestSendThread controllerId=0] Controller 0 epoch 1 fails to send request (type=LeaderAndIsRequest, controllerId=0, controllerEpoch=1, partitionStates={testRommel-0=PartitionState(controllerEpoch=1, leader=0, leaderEpoch=0, isr=0, zkVersion=0, replicas=0, isNew=true)}, liveLeaders=(DH-RLOAYZA.corp.dharbor.com:9092 (id: 0 rack: null))) to broker DH-RLOAYZA.corp.dharbor.com:9092 (id: 0 rack: null). Reconnecting to broker. (kafka.controller.RequestSendThread)
java.io.IOException: Connection to 0 was disconnected before the response was read
	at org.apache.kafka.clients.NetworkClientUtils.sendAndReceive(NetworkClientUtils.java:100)
	at kafka.controller.RequestSendThread.doWork(ControllerChannelManager.scala:240)
	at kafka.utils.ShutdownableThread.run(ShutdownableThread.scala:82)
[2019-12-05 15:46:11,748] INFO [RequestSendThread controllerId=0] Controller 0 connected to DH-RLOAYZA.corp.dharbor.com:9092 (id: 0 rack: null) for sending state change requests (kafka.controller.RequestSendThread)
[2019-12-05 15:46:41,749] WARN [RequestSendThread controllerId=0] Controller 0 epoch 1 fails to send request (type=LeaderAndIsRequest, controllerId=0, controllerEpoch=1, partitionStates={testRommel-0=PartitionState(controllerEpoch=1, leader=0, leaderEpoch=0, isr=0, zkVersion=0, replicas=0, isNew=true)}, liveLeaders=(DH-RLOAYZA.corp.dharbor.com:9092 (id: 0 rack: null))) to broker DH-RLOAYZA.corp.dharbor.com:9092 (id: 0 rack: null). Reconnecting to broker. (kafka.controller.RequestSendThread)
java.io.IOException: Connection to 0 was disconnected before the response was read
	at org.apache.kafka.clients.NetworkClientUtils.sendAndReceive(NetworkClientUtils.java:100)
	at kafka.controller.RequestSendThread.doWork(ControllerChannelManager.scala:240)
	at kafka.utils.ShutdownableThread.run(ShutdownableThread.scala:82)
[2019-12-05 15:46:41,851] INFO [RequestSendThread controllerId=0] Controller 0 connected to DH-RLOAYZA.corp.dharbor.com:9092 (id: 0 rack: null) for sending state change requests (kafka.controller.RequestSendThread)
[2019-12-05 15:47:11,852] WARN [RequestSendThread controllerId=0] Controller 0 epoch 1 fails to send request (type=LeaderAndIsRequest, controllerId=0, controllerEpoch=1, partitionStates={testRommel-0=PartitionState(controllerEpoch=1, leader=0, leaderEpoch=0, isr=0, zkVersion=0, replicas=0, isNew=true)}, liveLeaders=(DH-RLOAYZA.corp.dharbor.com:9092 (id: 0 rack: null))) to broker DH-RLOAYZA.corp.dharbor.com:9092 (id: 0 rack: null). Reconnecting to broker. (kafka.controller.RequestSendThread)
java.io.IOException: Connection to 0 was disconnected before the response was read
	at org.apache.kafka.clients.NetworkClientUtils.sendAndReceive(NetworkClientUtils.java:100)
	at kafka.controller.RequestSendThread.doWork(ControllerChannelManager.scala:240)
	at kafka.utils.ShutdownableThread.run(ShutdownableThread.scala:82)
[2019-12-05 15:47:11,954] INFO [RequestSendThread controllerId=0] Controller 0 connected to DH-RLOAYZA.corp.dharbor.com:9092 (id: 0 rack: null) for sending state change requests (kafka.controller.RequestSendThread)
[2019-12-05 15:47:41,955] WARN [RequestSendThread controllerId=0] Controller 0 epoch 1 fails to send request (type=LeaderAndIsRequest, controllerId=0, controllerEpoch=1, partitionStates={testRommel-0=PartitionState(controllerEpoch=1, leader=0, leaderEpoch=0, isr=0, zkVersion=0, replicas=0, isNew=true)}, liveLeaders=(DH-RLOAYZA.corp.dharbor.com:9092 (id: 0 rack: null))) to broker DH-RLOAYZA.corp.dharbor.com:9092 (id: 0 rack: null). Reconnecting to broker. (kafka.controller.RequestSendThread)
java.io.IOException: Connection to 0 was disconnected before the response was read
	at org.apache.kafka.clients.NetworkClientUtils.sendAndReceive(NetworkClientUtils.java:100)
	at kafka.controller.RequestSendThread.doWork(ControllerChannelManager.scala:240)
	at kafka.utils.ShutdownableThread.run(ShutdownableThread.scala:82)
[2019-12-05 15:47:42,058] INFO [RequestSendThread controllerId=0] Controller 0 connected to DH-RLOAYZA.corp.dharbor.com:9092 (id: 0 rack: null) for sending state change requests (kafka.controller.RequestSendThread)
[2019-12-05 15:48:42,059] WARN [RequestSendThread controllerId=0] Controller 0 epoch 1 fails to send request (type=LeaderAndIsRequest, controllerId=0, controllerEpoch=1, partitionStates={testRommel-0=PartitionState(controllerEpoch=1, leader=0, leaderEpoch=0, isr=0, zkVersion=0, replicas=0, isNew=true)}, liveLeaders=(DH-RLOAYZA.corp.dharbor.com:9092 (id: 0 rack: null))) to broker DH-RLOAYZA.corp.dharbor.com:9092 (id: 0 rack: null). Reconnecting to broker. (kafka.controller.RequestSendThread)
java.io.IOException: Connection to 0 was disconnected before the response was read
	at org.apache.kafka.clients.NetworkClientUtils.sendAndReceive(NetworkClientUtils.java:100)
	at kafka.controller.RequestSendThread.doWork(ControllerChannelManager.scala:240)
	at kafka.utils.ShutdownableThread.run(ShutdownableThread.scala:82)
[2019-12-05 15:48:42,161] INFO [RequestSendThread controllerId=0] Controller 0 connected to DH-RLOAYZA.corp.dharbor.com:9092 (id: 0 rack: null) for sending state change requests (kafka.controller.RequestSendThread)
[2019-12-05 15:49:12,163] WARN [RequestSendThread controllerId=0] Controller 0 epoch 1 fails to send request (type=LeaderAndIsRequest, controllerId=0, controllerEpoch=1, partitionStates={testRommel-0=PartitionState(controllerEpoch=1, leader=0, leaderEpoch=0, isr=0, zkVersion=0, replicas=0, isNew=true)}, liveLeaders=(DH-RLOAYZA.corp.dharbor.com:9092 (id: 0 rack: null))) to broker DH-RLOAYZA.corp.dharbor.com:9092 (id: 0 rack: null). Reconnecting to broker. (kafka.controller.RequestSendThread)
java.io.IOException: Connection to 0 was disconnected before the response was read
	at org.apache.kafka.clients.NetworkClientUtils.sendAndReceive(NetworkClientUtils.java:100)
	at kafka.controller.RequestSendThread.doWork(ControllerChannelManager.scala:240)
	at kafka.utils.ShutdownableThread.run(ShutdownableThread.scala:82)
[2019-12-05 15:49:12,267] INFO [RequestSendThread controllerId=0] Controller 0 connected to DH-RLOAYZA.corp.dharbor.com:9092 (id: 0 rack: null) for sending state change requests (kafka.controller.RequestSendThread)
[2019-12-05 15:49:42,268] WARN [RequestSendThread controllerId=0] Controller 0 epoch 1 fails to send request (type=LeaderAndIsRequest, controllerId=0, controllerEpoch=1, partitionStates={testRommel-0=PartitionState(controllerEpoch=1, leader=0, leaderEpoch=0, isr=0, zkVersion=0, replicas=0, isNew=true)}, liveLeaders=(DH-RLOAYZA.corp.dharbor.com:9092 (id: 0 rack: null))) to broker DH-RLOAYZA.corp.dharbor.com:9092 (id: 0 rack: null). Reconnecting to broker. (kafka.controller.RequestSendThread)
java.io.IOException: Connection to 0 was disconnected before the response was read
	at org.apache.kafka.clients.NetworkClientUtils.sendAndReceive(NetworkClientUtils.java:100)
	at kafka.controller.RequestSendThread.doWork(ControllerChannelManager.scala:240)
	at kafka.utils.ShutdownableThread.run(ShutdownableThread.scala:82)
[2019-12-05 15:49:42,371] INFO [RequestSendThread controllerId=0] Controller 0 connected to DH-RLOAYZA.corp.dharbor.com:9092 (id: 0 rack: null) for sending state change requests (kafka.controller.RequestSendThread)
[2019-12-05 15:49:53,621] TRACE [Controller id=0] Checking need to trigger auto leader balancing (kafka.controller.KafkaController)
[2019-12-05 15:49:53,621] DEBUG [Controller id=0] Preferred replicas by broker Map(0 -> Map(testRommel-0 -> Vector(0))) (kafka.controller.KafkaController)
[2019-12-05 15:49:53,621] DEBUG [Controller id=0] Topics not in preferred replica for broker 0 Map() (kafka.controller.KafkaController)
[2019-12-05 15:49:53,621] TRACE [Controller id=0] Leader imbalance ratio for broker 0 is 0.0 (kafka.controller.KafkaController)
[2019-12-05 15:50:12,372] WARN [RequestSendThread controllerId=0] Controller 0 epoch 1 fails to send request (type=LeaderAndIsRequest, controllerId=0, controllerEpoch=1, partitionStates={testRommel-0=PartitionState(controllerEpoch=1, leader=0, leaderEpoch=0, isr=0, zkVersion=0, replicas=0, isNew=true)}, liveLeaders=(DH-RLOAYZA.corp.dharbor.com:9092 (id: 0 rack: null))) to broker DH-RLOAYZA.corp.dharbor.com:9092 (id: 0 rack: null). Reconnecting to broker. (kafka.controller.RequestSendThread)
java.io.IOException: Connection to 0 was disconnected before the response was read
	at org.apache.kafka.clients.NetworkClientUtils.sendAndReceive(NetworkClientUtils.java:100)
	at kafka.controller.RequestSendThread.doWork(ControllerChannelManager.scala:240)
	at kafka.utils.ShutdownableThread.run(ShutdownableThread.scala:82)
[2019-12-05 15:50:12,474] INFO [RequestSendThread controllerId=0] Controller 0 connected to DH-RLOAYZA.corp.dharbor.com:9092 (id: 0 rack: null) for sending state change requests (kafka.controller.RequestSendThread)
[2019-12-05 15:51:12,475] WARN [RequestSendThread controllerId=0] Controller 0 epoch 1 fails to send request (type=LeaderAndIsRequest, controllerId=0, controllerEpoch=1, partitionStates={testRommel-0=PartitionState(controllerEpoch=1, leader=0, leaderEpoch=0, isr=0, zkVersion=0, replicas=0, isNew=true)}, liveLeaders=(DH-RLOAYZA.corp.dharbor.com:9092 (id: 0 rack: null))) to broker DH-RLOAYZA.corp.dharbor.com:9092 (id: 0 rack: null). Reconnecting to broker. (kafka.controller.RequestSendThread)
java.io.IOException: Connection to 0 was disconnected before the response was read
	at org.apache.kafka.clients.NetworkClientUtils.sendAndReceive(NetworkClientUtils.java:100)
	at kafka.controller.RequestSendThread.doWork(ControllerChannelManager.scala:240)
	at kafka.utils.ShutdownableThread.run(ShutdownableThread.scala:82)
[2019-12-05 15:51:12,577] INFO [RequestSendThread controllerId=0] Controller 0 connected to DH-RLOAYZA.corp.dharbor.com:9092 (id: 0 rack: null) for sending state change requests (kafka.controller.RequestSendThread)
[2019-12-05 15:52:12,578] WARN [RequestSendThread controllerId=0] Controller 0 epoch 1 fails to send request (type=LeaderAndIsRequest, controllerId=0, controllerEpoch=1, partitionStates={testRommel-0=PartitionState(controllerEpoch=1, leader=0, leaderEpoch=0, isr=0, zkVersion=0, replicas=0, isNew=true)}, liveLeaders=(DH-RLOAYZA.corp.dharbor.com:9092 (id: 0 rack: null))) to broker DH-RLOAYZA.corp.dharbor.com:9092 (id: 0 rack: null). Reconnecting to broker. (kafka.controller.RequestSendThread)
java.io.IOException: Connection to 0 was disconnected before the response was read
	at org.apache.kafka.clients.NetworkClientUtils.sendAndReceive(NetworkClientUtils.java:100)
	at kafka.controller.RequestSendThread.doWork(ControllerChannelManager.scala:240)
	at kafka.utils.ShutdownableThread.run(ShutdownableThread.scala:82)
[2019-12-05 15:52:12,680] INFO [RequestSendThread controllerId=0] Controller 0 connected to DH-RLOAYZA.corp.dharbor.com:9092 (id: 0 rack: null) for sending state change requests (kafka.controller.RequestSendThread)
[2019-12-05 15:53:12,681] WARN [RequestSendThread controllerId=0] Controller 0 epoch 1 fails to send request (type=LeaderAndIsRequest, controllerId=0, controllerEpoch=1, partitionStates={testRommel-0=PartitionState(controllerEpoch=1, leader=0, leaderEpoch=0, isr=0, zkVersion=0, replicas=0, isNew=true)}, liveLeaders=(DH-RLOAYZA.corp.dharbor.com:9092 (id: 0 rack: null))) to broker DH-RLOAYZA.corp.dharbor.com:9092 (id: 0 rack: null). Reconnecting to broker. (kafka.controller.RequestSendThread)
java.io.IOException: Connection to 0 was disconnected before the response was read
	at org.apache.kafka.clients.NetworkClientUtils.sendAndReceive(NetworkClientUtils.java:100)
	at kafka.controller.RequestSendThread.doWork(ControllerChannelManager.scala:240)
	at kafka.utils.ShutdownableThread.run(ShutdownableThread.scala:82)
[2019-12-05 15:53:12,784] INFO [RequestSendThread controllerId=0] Controller 0 connected to DH-RLOAYZA.corp.dharbor.com:9092 (id: 0 rack: null) for sending state change requests (kafka.controller.RequestSendThread)
[2019-12-05 15:54:12,784] WARN [RequestSendThread controllerId=0] Controller 0 epoch 1 fails to send request (type=LeaderAndIsRequest, controllerId=0, controllerEpoch=1, partitionStates={testRommel-0=PartitionState(controllerEpoch=1, leader=0, leaderEpoch=0, isr=0, zkVersion=0, replicas=0, isNew=true)}, liveLeaders=(DH-RLOAYZA.corp.dharbor.com:9092 (id: 0 rack: null))) to broker DH-RLOAYZA.corp.dharbor.com:9092 (id: 0 rack: null). Reconnecting to broker. (kafka.controller.RequestSendThread)
java.io.IOException: Connection to 0 was disconnected before the response was read
	at org.apache.kafka.clients.NetworkClientUtils.sendAndReceive(NetworkClientUtils.java:100)
	at kafka.controller.RequestSendThread.doWork(ControllerChannelManager.scala:240)
	at kafka.utils.ShutdownableThread.run(ShutdownableThread.scala:82)
[2019-12-05 15:54:12,889] INFO [RequestSendThread controllerId=0] Controller 0 connected to DH-RLOAYZA.corp.dharbor.com:9092 (id: 0 rack: null) for sending state change requests (kafka.controller.RequestSendThread)
[2019-12-05 15:54:53,621] TRACE [Controller id=0] Checking need to trigger auto leader balancing (kafka.controller.KafkaController)
[2019-12-05 15:54:53,621] DEBUG [Controller id=0] Preferred replicas by broker Map(0 -> Map(testRommel-0 -> Vector(0))) (kafka.controller.KafkaController)
[2019-12-05 15:54:53,621] DEBUG [Controller id=0] Topics not in preferred replica for broker 0 Map() (kafka.controller.KafkaController)
[2019-12-05 15:54:53,622] TRACE [Controller id=0] Leader imbalance ratio for broker 0 is 0.0 (kafka.controller.KafkaController)
[2019-12-05 15:55:12,890] WARN [RequestSendThread controllerId=0] Controller 0 epoch 1 fails to send request (type=LeaderAndIsRequest, controllerId=0, controllerEpoch=1, partitionStates={testRommel-0=PartitionState(controllerEpoch=1, leader=0, leaderEpoch=0, isr=0, zkVersion=0, replicas=0, isNew=true)}, liveLeaders=(DH-RLOAYZA.corp.dharbor.com:9092 (id: 0 rack: null))) to broker DH-RLOAYZA.corp.dharbor.com:9092 (id: 0 rack: null). Reconnecting to broker. (kafka.controller.RequestSendThread)
java.io.IOException: Connection to 0 was disconnected before the response was read
	at org.apache.kafka.clients.NetworkClientUtils.sendAndReceive(NetworkClientUtils.java:100)
	at kafka.controller.RequestSendThread.doWork(ControllerChannelManager.scala:240)
	at kafka.utils.ShutdownableThread.run(ShutdownableThread.scala:82)
[2019-12-05 15:55:12,993] INFO [RequestSendThread controllerId=0] Controller 0 connected to DH-RLOAYZA.corp.dharbor.com:9092 (id: 0 rack: null) for sending state change requests (kafka.controller.RequestSendThread)
[2019-12-05 15:56:12,994] WARN [RequestSendThread controllerId=0] Controller 0 epoch 1 fails to send request (type=LeaderAndIsRequest, controllerId=0, controllerEpoch=1, partitionStates={testRommel-0=PartitionState(controllerEpoch=1, leader=0, leaderEpoch=0, isr=0, zkVersion=0, replicas=0, isNew=true)}, liveLeaders=(DH-RLOAYZA.corp.dharbor.com:9092 (id: 0 rack: null))) to broker DH-RLOAYZA.corp.dharbor.com:9092 (id: 0 rack: null). Reconnecting to broker. (kafka.controller.RequestSendThread)
java.io.IOException: Connection to 0 was disconnected before the response was read
	at org.apache.kafka.clients.NetworkClientUtils.sendAndReceive(NetworkClientUtils.java:100)
	at kafka.controller.RequestSendThread.doWork(ControllerChannelManager.scala:240)
	at kafka.utils.ShutdownableThread.run(ShutdownableThread.scala:82)
[2019-12-05 15:56:13,097] INFO [RequestSendThread controllerId=0] Controller 0 connected to DH-RLOAYZA.corp.dharbor.com:9092 (id: 0 rack: null) for sending state change requests (kafka.controller.RequestSendThread)
[2019-12-05 15:57:13,098] WARN [RequestSendThread controllerId=0] Controller 0 epoch 1 fails to send request (type=LeaderAndIsRequest, controllerId=0, controllerEpoch=1, partitionStates={testRommel-0=PartitionState(controllerEpoch=1, leader=0, leaderEpoch=0, isr=0, zkVersion=0, replicas=0, isNew=true)}, liveLeaders=(DH-RLOAYZA.corp.dharbor.com:9092 (id: 0 rack: null))) to broker DH-RLOAYZA.corp.dharbor.com:9092 (id: 0 rack: null). Reconnecting to broker. (kafka.controller.RequestSendThread)
java.io.IOException: Connection to 0 was disconnected before the response was read
	at org.apache.kafka.clients.NetworkClientUtils.sendAndReceive(NetworkClientUtils.java:100)
	at kafka.controller.RequestSendThread.doWork(ControllerChannelManager.scala:240)
	at kafka.utils.ShutdownableThread.run(ShutdownableThread.scala:82)
[2019-12-05 15:57:13,200] INFO [RequestSendThread controllerId=0] Controller 0 connected to DH-RLOAYZA.corp.dharbor.com:9092 (id: 0 rack: null) for sending state change requests (kafka.controller.RequestSendThread)
[2019-12-05 15:58:13,200] WARN [RequestSendThread controllerId=0] Controller 0 epoch 1 fails to send request (type=LeaderAndIsRequest, controllerId=0, controllerEpoch=1, partitionStates={testRommel-0=PartitionState(controllerEpoch=1, leader=0, leaderEpoch=0, isr=0, zkVersion=0, replicas=0, isNew=true)}, liveLeaders=(DH-RLOAYZA.corp.dharbor.com:9092 (id: 0 rack: null))) to broker DH-RLOAYZA.corp.dharbor.com:9092 (id: 0 rack: null). Reconnecting to broker. (kafka.controller.RequestSendThread)
java.io.IOException: Connection to 0 was disconnected before the response was read
	at org.apache.kafka.clients.NetworkClientUtils.sendAndReceive(NetworkClientUtils.java:100)
	at kafka.controller.RequestSendThread.doWork(ControllerChannelManager.scala:240)
	at kafka.utils.ShutdownableThread.run(ShutdownableThread.scala:82)
[2019-12-05 15:58:13,302] INFO [RequestSendThread controllerId=0] Controller 0 connected to DH-RLOAYZA.corp.dharbor.com:9092 (id: 0 rack: null) for sending state change requests (kafka.controller.RequestSendThread)
[2019-12-05 15:58:43,303] WARN [RequestSendThread controllerId=0] Controller 0 epoch 1 fails to send request (type=LeaderAndIsRequest, controllerId=0, controllerEpoch=1, partitionStates={testRommel-0=PartitionState(controllerEpoch=1, leader=0, leaderEpoch=0, isr=0, zkVersion=0, replicas=0, isNew=true)}, liveLeaders=(DH-RLOAYZA.corp.dharbor.com:9092 (id: 0 rack: null))) to broker DH-RLOAYZA.corp.dharbor.com:9092 (id: 0 rack: null). Reconnecting to broker. (kafka.controller.RequestSendThread)
java.io.IOException: Connection to 0 was disconnected before the response was read
	at org.apache.kafka.clients.NetworkClientUtils.sendAndReceive(NetworkClientUtils.java:100)
	at kafka.controller.RequestSendThread.doWork(ControllerChannelManager.scala:240)
	at kafka.utils.ShutdownableThread.run(ShutdownableThread.scala:82)
[2019-12-05 15:58:43,404] INFO [RequestSendThread controllerId=0] Controller 0 connected to DH-RLOAYZA.corp.dharbor.com:9092 (id: 0 rack: null) for sending state change requests (kafka.controller.RequestSendThread)
[2019-12-05 15:59:13,405] WARN [RequestSendThread controllerId=0] Controller 0 epoch 1 fails to send request (type=LeaderAndIsRequest, controllerId=0, controllerEpoch=1, partitionStates={testRommel-0=PartitionState(controllerEpoch=1, leader=0, leaderEpoch=0, isr=0, zkVersion=0, replicas=0, isNew=true)}, liveLeaders=(DH-RLOAYZA.corp.dharbor.com:9092 (id: 0 rack: null))) to broker DH-RLOAYZA.corp.dharbor.com:9092 (id: 0 rack: null). Reconnecting to broker. (kafka.controller.RequestSendThread)
java.io.IOException: Connection to 0 was disconnected before the response was read
	at org.apache.kafka.clients.NetworkClientUtils.sendAndReceive(NetworkClientUtils.java:100)
	at kafka.controller.RequestSendThread.doWork(ControllerChannelManager.scala:240)
	at kafka.utils.ShutdownableThread.run(ShutdownableThread.scala:82)
[2019-12-05 15:59:13,508] INFO [RequestSendThread controllerId=0] Controller 0 connected to DH-RLOAYZA.corp.dharbor.com:9092 (id: 0 rack: null) for sending state change requests (kafka.controller.RequestSendThread)
[2019-12-05 15:59:43,510] WARN [RequestSendThread controllerId=0] Controller 0 epoch 1 fails to send request (type=LeaderAndIsRequest, controllerId=0, controllerEpoch=1, partitionStates={testRommel-0=PartitionState(controllerEpoch=1, leader=0, leaderEpoch=0, isr=0, zkVersion=0, replicas=0, isNew=true)}, liveLeaders=(DH-RLOAYZA.corp.dharbor.com:9092 (id: 0 rack: null))) to broker DH-RLOAYZA.corp.dharbor.com:9092 (id: 0 rack: null). Reconnecting to broker. (kafka.controller.RequestSendThread)
java.io.IOException: Connection to 0 was disconnected before the response was read
	at org.apache.kafka.clients.NetworkClientUtils.sendAndReceive(NetworkClientUtils.java:100)
	at kafka.controller.RequestSendThread.doWork(ControllerChannelManager.scala:240)
	at kafka.utils.ShutdownableThread.run(ShutdownableThread.scala:82)
[2019-12-05 15:59:43,612] INFO [RequestSendThread controllerId=0] Controller 0 connected to DH-RLOAYZA.corp.dharbor.com:9092 (id: 0 rack: null) for sending state change requests (kafka.controller.RequestSendThread)
[2019-12-05 15:59:53,623] TRACE [Controller id=0] Checking need to trigger auto leader balancing (kafka.controller.KafkaController)
[2019-12-05 15:59:53,623] DEBUG [Controller id=0] Preferred replicas by broker Map(0 -> Map(testRommel-0 -> Vector(0))) (kafka.controller.KafkaController)
[2019-12-05 15:59:53,623] DEBUG [Controller id=0] Topics not in preferred replica for broker 0 Map() (kafka.controller.KafkaController)
[2019-12-05 15:59:53,623] TRACE [Controller id=0] Leader imbalance ratio for broker 0 is 0.0 (kafka.controller.KafkaController)
[2019-12-05 16:00:43,612] WARN [RequestSendThread controllerId=0] Controller 0 epoch 1 fails to send request (type=LeaderAndIsRequest, controllerId=0, controllerEpoch=1, partitionStates={testRommel-0=PartitionState(controllerEpoch=1, leader=0, leaderEpoch=0, isr=0, zkVersion=0, replicas=0, isNew=true)}, liveLeaders=(DH-RLOAYZA.corp.dharbor.com:9092 (id: 0 rack: null))) to broker DH-RLOAYZA.corp.dharbor.com:9092 (id: 0 rack: null). Reconnecting to broker. (kafka.controller.RequestSendThread)
java.io.IOException: Connection to 0 was disconnected before the response was read
	at org.apache.kafka.clients.NetworkClientUtils.sendAndReceive(NetworkClientUtils.java:100)
	at kafka.controller.RequestSendThread.doWork(ControllerChannelManager.scala:240)
	at kafka.utils.ShutdownableThread.run(ShutdownableThread.scala:82)
[2019-12-05 16:04:53,626] TRACE [Controller id=0] Checking need to trigger auto leader balancing (kafka.controller.KafkaController)
[2019-12-05 16:05:12,385] DEBUG [Controller id=0] Preferred replicas by broker Map(0 -> Map(testRommel-0 -> Vector(0))) (kafka.controller.KafkaController)
[2019-12-05 16:05:12,385] DEBUG [Controller id=0] Topics not in preferred replica for broker 0 Map() (kafka.controller.KafkaController)
[2019-12-05 16:05:12,385] TRACE [Controller id=0] Leader imbalance ratio for broker 0 is 0.0 (kafka.controller.KafkaController)
[2019-12-05 16:05:12,487] INFO [RequestSendThread controllerId=0] Controller 0 connected to DH-RLOAYZA.corp.dharbor.com:9092 (id: 0 rack: null) for sending state change requests (kafka.controller.RequestSendThread)
[2019-12-05 16:05:42,488] WARN [RequestSendThread controllerId=0] Controller 0 epoch 1 fails to send request (type=LeaderAndIsRequest, controllerId=0, controllerEpoch=1, partitionStates={testRommel-0=PartitionState(controllerEpoch=1, leader=0, leaderEpoch=0, isr=0, zkVersion=0, replicas=0, isNew=true)}, liveLeaders=(DH-RLOAYZA.corp.dharbor.com:9092 (id: 0 rack: null))) to broker DH-RLOAYZA.corp.dharbor.com:9092 (id: 0 rack: null). Reconnecting to broker. (kafka.controller.RequestSendThread)
java.io.IOException: Connection to 0 was disconnected before the response was read
	at org.apache.kafka.clients.NetworkClientUtils.sendAndReceive(NetworkClientUtils.java:100)
	at kafka.controller.RequestSendThread.doWork(ControllerChannelManager.scala:240)
	at kafka.utils.ShutdownableThread.run(ShutdownableThread.scala:82)
[2019-12-05 16:05:42,593] INFO [RequestSendThread controllerId=0] Controller 0 connected to DH-RLOAYZA.corp.dharbor.com:9092 (id: 0 rack: null) for sending state change requests (kafka.controller.RequestSendThread)
[2019-12-05 16:06:12,595] WARN [RequestSendThread controllerId=0] Controller 0 epoch 1 fails to send request (type=LeaderAndIsRequest, controllerId=0, controllerEpoch=1, partitionStates={testRommel-0=PartitionState(controllerEpoch=1, leader=0, leaderEpoch=0, isr=0, zkVersion=0, replicas=0, isNew=true)}, liveLeaders=(DH-RLOAYZA.corp.dharbor.com:9092 (id: 0 rack: null))) to broker DH-RLOAYZA.corp.dharbor.com:9092 (id: 0 rack: null). Reconnecting to broker. (kafka.controller.RequestSendThread)
java.io.IOException: Connection to 0 was disconnected before the response was read
	at org.apache.kafka.clients.NetworkClientUtils.sendAndReceive(NetworkClientUtils.java:100)
	at kafka.controller.RequestSendThread.doWork(ControllerChannelManager.scala:240)
	at kafka.utils.ShutdownableThread.run(ShutdownableThread.scala:82)
[2019-12-05 16:06:12,697] INFO [RequestSendThread controllerId=0] Controller 0 connected to DH-RLOAYZA.corp.dharbor.com:9092 (id: 0 rack: null) for sending state change requests (kafka.controller.RequestSendThread)
[2019-12-05 16:06:37,380] DEBUG preRegister called. Server=com.sun.jmx.mbeanserver.JmxMBeanServer@2a556333, name=log4j:logger=kafka.controller (kafka.controller)
[2019-12-05 16:06:42,698] WARN [RequestSendThread controllerId=0] Controller 0 epoch 1 fails to send request (type=LeaderAndIsRequest, controllerId=0, controllerEpoch=1, partitionStates={testRommel-0=PartitionState(controllerEpoch=1, leader=0, leaderEpoch=0, isr=0, zkVersion=0, replicas=0, isNew=true)}, liveLeaders=(DH-RLOAYZA.corp.dharbor.com:9092 (id: 0 rack: null))) to broker DH-RLOAYZA.corp.dharbor.com:9092 (id: 0 rack: null). Reconnecting to broker. (kafka.controller.RequestSendThread)
java.io.IOException: Connection to 0 was disconnected before the response was read
	at org.apache.kafka.clients.NetworkClientUtils.sendAndReceive(NetworkClientUtils.java:100)
	at kafka.controller.RequestSendThread.doWork(ControllerChannelManager.scala:240)
	at kafka.utils.ShutdownableThread.run(ShutdownableThread.scala:82)
[2019-12-05 16:06:42,801] INFO [RequestSendThread controllerId=0] Controller 0 connected to DH-RLOAYZA.corp.dharbor.com:9092 (id: 0 rack: null) for sending state change requests (kafka.controller.RequestSendThread)
[2019-12-05 16:07:42,802] WARN [RequestSendThread controllerId=0] Controller 0 epoch 1 fails to send request (type=LeaderAndIsRequest, controllerId=0, controllerEpoch=1, partitionStates={testRommel-0=PartitionState(controllerEpoch=1, leader=0, leaderEpoch=0, isr=0, zkVersion=0, replicas=0, isNew=true)}, liveLeaders=(DH-RLOAYZA.corp.dharbor.com:9092 (id: 0 rack: null))) to broker DH-RLOAYZA.corp.dharbor.com:9092 (id: 0 rack: null). Reconnecting to broker. (kafka.controller.RequestSendThread)
java.io.IOException: Connection to 0 was disconnected before the response was read
	at org.apache.kafka.clients.NetworkClientUtils.sendAndReceive(NetworkClientUtils.java:100)
	at kafka.controller.RequestSendThread.doWork(ControllerChannelManager.scala:240)
	at kafka.utils.ShutdownableThread.run(ShutdownableThread.scala:82)
[2019-12-05 16:07:42,905] INFO [RequestSendThread controllerId=0] Controller 0 connected to DH-RLOAYZA.corp.dharbor.com:9092 (id: 0 rack: null) for sending state change requests (kafka.controller.RequestSendThread)
[2019-12-05 16:08:39,299] DEBUG preRegister called. Server=com.sun.jmx.mbeanserver.JmxMBeanServer@2a556333, name=log4j:logger=kafka.controller (kafka.controller)
[2019-12-05 16:09:23,219] INFO [ControllerEventThread controllerId=0] Starting (kafka.controller.ControllerEventManager$ControllerEventThread)
[2019-12-05 16:09:23,327] INFO [Controller id=0] 0 successfully elected as the controller. Epoch incremented to 1 and epoch zk version is now 1 (kafka.controller.KafkaController)
[2019-12-05 16:09:23,327] INFO [Controller id=0] Registering handlers (kafka.controller.KafkaController)
[2019-12-05 16:09:23,330] INFO [Controller id=0] Deleting log dir event notifications (kafka.controller.KafkaController)
[2019-12-05 16:09:23,333] INFO [Controller id=0] Deleting isr change notifications (kafka.controller.KafkaController)
[2019-12-05 16:09:23,375] INFO [Controller id=0] Initializing controller context (kafka.controller.KafkaController)
[2019-12-05 16:09:23,406] DEBUG [Controller id=0] Register BrokerModifications handler for Set(0) (kafka.controller.KafkaController)
[2019-12-05 16:09:23,415] DEBUG [Channel manager on controller 0]: Controller 0 trying to connect to broker 0 (kafka.controller.ControllerChannelManager)
[2019-12-05 16:09:23,424] INFO [RequestSendThread controllerId=0] Starting (kafka.controller.RequestSendThread)
[2019-12-05 16:09:23,427] INFO [Controller id=0] Partitions being reassigned: Map() (kafka.controller.KafkaController)
[2019-12-05 16:09:23,427] INFO [Controller id=0] Currently active brokers in the cluster: Set(0) (kafka.controller.KafkaController)
[2019-12-05 16:09:23,428] INFO [Controller id=0] Currently shutting brokers in the cluster: Set() (kafka.controller.KafkaController)
[2019-12-05 16:09:23,428] INFO [Controller id=0] Current list of topics in the cluster: Set() (kafka.controller.KafkaController)
[2019-12-05 16:09:23,428] INFO [Controller id=0] Fetching topic deletions in progress (kafka.controller.KafkaController)
[2019-12-05 16:09:23,431] INFO [Controller id=0] List of topics to be deleted:  (kafka.controller.KafkaController)
[2019-12-05 16:09:23,431] INFO [Controller id=0] List of topics ineligible for deletion:  (kafka.controller.KafkaController)
[2019-12-05 16:09:23,431] INFO [Controller id=0] Initializing topic deletion manager (kafka.controller.KafkaController)
[2019-12-05 16:09:23,432] INFO [Controller id=0] Sending update metadata request (kafka.controller.KafkaController)
[2019-12-05 16:09:23,438] INFO [ReplicaStateMachine controllerId=0] Initializing replica state (kafka.controller.ReplicaStateMachine)
[2019-12-05 16:09:23,439] INFO [ReplicaStateMachine controllerId=0] Triggering online replica state changes (kafka.controller.ReplicaStateMachine)
[2019-12-05 16:09:23,449] INFO [ReplicaStateMachine controllerId=0] Started replica state machine with initial state -> Map() (kafka.controller.ReplicaStateMachine)
[2019-12-05 16:09:23,450] INFO [RequestSendThread controllerId=0] Controller 0 connected to DH-RLOAYZA.corp.dharbor.com:9092 (id: 0 rack: null) for sending state change requests (kafka.controller.RequestSendThread)
[2019-12-05 16:09:23,450] INFO [PartitionStateMachine controllerId=0] Initializing partition state (kafka.controller.PartitionStateMachine)
[2019-12-05 16:09:23,451] INFO [PartitionStateMachine controllerId=0] Triggering online partition state changes (kafka.controller.PartitionStateMachine)
[2019-12-05 16:09:23,454] INFO [PartitionStateMachine controllerId=0] Started partition state machine with initial state -> Map() (kafka.controller.PartitionStateMachine)
[2019-12-05 16:09:23,454] INFO [Controller id=0] Ready to serve as the new controller with epoch 1 (kafka.controller.KafkaController)
[2019-12-05 16:09:23,456] INFO [Controller id=0] Removing partitions Set() from the list of reassigned partitions in zookeeper (kafka.controller.KafkaController)
[2019-12-05 16:09:23,458] INFO [Controller id=0] No more partitions need to be reassigned. Deleting zk path /admin/reassign_partitions (kafka.controller.KafkaController)
[2019-12-05 16:09:23,511] INFO [Controller id=0] Partitions undergoing preferred replica election:  (kafka.controller.KafkaController)
[2019-12-05 16:09:23,511] INFO [Controller id=0] Partitions that completed preferred replica election:  (kafka.controller.KafkaController)
[2019-12-05 16:09:23,511] INFO [Controller id=0] Skipping preferred replica election for partitions due to topic deletion:  (kafka.controller.KafkaController)
[2019-12-05 16:09:23,512] INFO [Controller id=0] Resuming preferred replica election for partitions:  (kafka.controller.KafkaController)
[2019-12-05 16:09:23,512] INFO [Controller id=0] Starting preferred replica leader election for partitions  (kafka.controller.KafkaController)
[2019-12-05 16:09:23,558] INFO [Controller id=0] Starting the controller scheduler (kafka.controller.KafkaController)
[2019-12-05 16:09:28,560] TRACE [Controller id=0] Checking need to trigger auto leader balancing (kafka.controller.KafkaController)
[2019-12-05 16:09:28,562] DEBUG [Controller id=0] Preferred replicas by broker Map() (kafka.controller.KafkaController)
[2019-12-05 16:11:02,624] INFO [Controller id=0] New topics: [Set(hail)], deleted topics: [Set()], new partition replica assignment [Map(hail-0 -> Vector(0))] (kafka.controller.KafkaController)
[2019-12-05 16:11:02,624] INFO [Controller id=0] New partition creation callback for hail-0 (kafka.controller.KafkaController)
[2019-12-05 16:14:28,563] TRACE [Controller id=0] Checking need to trigger auto leader balancing (kafka.controller.KafkaController)
[2019-12-05 16:14:28,563] DEBUG [Controller id=0] Preferred replicas by broker Map(0 -> Map(hail-0 -> Vector(0))) (kafka.controller.KafkaController)
[2019-12-05 16:14:28,565] DEBUG [Controller id=0] Topics not in preferred replica for broker 0 Map() (kafka.controller.KafkaController)
[2019-12-05 16:14:28,565] TRACE [Controller id=0] Leader imbalance ratio for broker 0 is 0.0 (kafka.controller.KafkaController)
[2019-12-05 16:15:50,304] INFO [Controller id=0] New topics: [Set(new-message)], deleted topics: [Set()], new partition replica assignment [Map(new-message-0 -> Vector(0))] (kafka.controller.KafkaController)
[2019-12-05 16:15:50,304] INFO [Controller id=0] New partition creation callback for new-message-0 (kafka.controller.KafkaController)
[2019-12-05 16:19:28,539] TRACE [Controller id=0] Checking need to trigger auto leader balancing (kafka.controller.KafkaController)
[2019-12-05 16:19:28,539] DEBUG [Controller id=0] Preferred replicas by broker Map(0 -> Map(new-message-0 -> Vector(0), hail-0 -> Vector(0))) (kafka.controller.KafkaController)
[2019-12-05 16:19:28,539] DEBUG [Controller id=0] Topics not in preferred replica for broker 0 Map() (kafka.controller.KafkaController)
[2019-12-05 16:19:28,539] TRACE [Controller id=0] Leader imbalance ratio for broker 0 is 0.0 (kafka.controller.KafkaController)
[2019-12-05 16:23:35,893] INFO [Controller id=0] New topics: [Set(list)], deleted topics: [Set()], new partition replica assignment [Map(list-0 -> Vector(0))] (kafka.controller.KafkaController)
[2019-12-05 16:23:35,893] INFO [Controller id=0] New partition creation callback for list-0 (kafka.controller.KafkaController)
[2019-12-05 16:24:28,524] TRACE [Controller id=0] Checking need to trigger auto leader balancing (kafka.controller.KafkaController)
[2019-12-05 16:24:28,524] DEBUG [Controller id=0] Preferred replicas by broker Map(0 -> Map(new-message-0 -> Vector(0), hail-0 -> Vector(0), list-0 -> Vector(0))) (kafka.controller.KafkaController)
[2019-12-05 16:24:28,524] DEBUG [Controller id=0] Topics not in preferred replica for broker 0 Map() (kafka.controller.KafkaController)
[2019-12-05 16:24:28,524] TRACE [Controller id=0] Leader imbalance ratio for broker 0 is 0.0 (kafka.controller.KafkaController)
[2019-12-05 16:29:28,521] TRACE [Controller id=0] Checking need to trigger auto leader balancing (kafka.controller.KafkaController)
[2019-12-05 16:29:28,521] DEBUG [Controller id=0] Preferred replicas by broker Map(0 -> Map(new-message-0 -> Vector(0), hail-0 -> Vector(0), list-0 -> Vector(0))) (kafka.controller.KafkaController)
[2019-12-05 16:29:28,521] DEBUG [Controller id=0] Topics not in preferred replica for broker 0 Map() (kafka.controller.KafkaController)
[2019-12-05 16:29:28,521] TRACE [Controller id=0] Leader imbalance ratio for broker 0 is 0.0 (kafka.controller.KafkaController)
[2019-12-05 16:34:28,523] TRACE [Controller id=0] Checking need to trigger auto leader balancing (kafka.controller.KafkaController)
[2019-12-05 16:34:28,523] DEBUG [Controller id=0] Preferred replicas by broker Map(0 -> Map(new-message-0 -> Vector(0), hail-0 -> Vector(0), list-0 -> Vector(0))) (kafka.controller.KafkaController)
[2019-12-05 16:34:28,523] DEBUG [Controller id=0] Topics not in preferred replica for broker 0 Map() (kafka.controller.KafkaController)
[2019-12-05 16:34:28,523] TRACE [Controller id=0] Leader imbalance ratio for broker 0 is 0.0 (kafka.controller.KafkaController)
