[2019-12-05 15:28:34,755] DEBUG preRegister called. Server=com.sun.jmx.mbeanserver.JmxMBeanServer@2a556333, name=log4j:logger=state.change.logger (state.change.logger)
[2019-12-05 15:29:48,531] TRACE [Controller id=0 epoch=1] Received response {error_code=0} for request UPDATE_METADATA with correlation id 0 sent to broker DH-RLOAYZA.corp.dharbor.com:9092 (id: 0 rack: null) (state.change.logger)
[2019-12-05 15:33:39,314] TRACE [Controller id=0 epoch=1] Changed partition testRommel-0 state from NonExistentPartition to NewPartition with assigned replicas 0 (state.change.logger)
[2019-12-05 15:33:39,319] TRACE [Controller id=0 epoch=1] Changed state of replica 0 for partition testRommel-0 from NonExistentReplica to NewReplica (state.change.logger)
[2019-12-05 15:33:39,510] TRACE [Controller id=0 epoch=1] Changed partition testRommel-0 from NewPartition to OnlinePartition with state LeaderAndIsr(leader=0, leaderEpoch=0, isr=List(0), zkVersion=0) (state.change.logger)
[2019-12-05 15:33:39,510] TRACE [Controller id=0 epoch=1] Sending become-leader LeaderAndIsr request PartitionState(controllerEpoch=1, leader=0, leaderEpoch=0, isr=0, zkVersion=0, replicas=0, isNew=true) to broker 0 for partition testRommel-0 (state.change.logger)
[2019-12-05 15:33:39,512] TRACE [Controller id=0 epoch=1] Sending UpdateMetadata request PartitionState(controllerEpoch=1, leader=0, leaderEpoch=0, isr=[0], zkVersion=0, replicas=[0], offlineReplicas=[]) to brokers Set(0) for partition testRommel-0 (state.change.logger)
[2019-12-05 15:33:39,513] TRACE [Controller id=0 epoch=1] Changed state of replica 0 for partition testRommel-0 from NewReplica to OnlineReplica (state.change.logger)
[2019-12-05 15:33:39,514] TRACE [Broker id=0] Received LeaderAndIsr request PartitionState(controllerEpoch=1, leader=0, leaderEpoch=0, isr=0, zkVersion=0, replicas=0, isNew=true) correlation id 1 from controller 0 epoch 1 for partition testRommel-0 (state.change.logger)
[2019-12-05 15:33:39,519] TRACE [Broker id=0] Handling LeaderAndIsr request correlationId 1 from controller 0 epoch 1 starting the become-leader transition for partition testRommel-0 (state.change.logger)
[2019-12-05 15:34:39,644] TRACE [Broker id=0] Received LeaderAndIsr request PartitionState(controllerEpoch=1, leader=0, leaderEpoch=0, isr=0, zkVersion=0, replicas=0, isNew=true) correlation id 2 from controller 0 epoch 1 for partition testRommel-0 (state.change.logger)
[2019-12-05 15:35:09,747] TRACE [Broker id=0] Received LeaderAndIsr request PartitionState(controllerEpoch=1, leader=0, leaderEpoch=0, isr=0, zkVersion=0, replicas=0, isNew=true) correlation id 3 from controller 0 epoch 1 for partition testRommel-0 (state.change.logger)
[2019-12-05 15:35:39,855] TRACE [Broker id=0] Received LeaderAndIsr request PartitionState(controllerEpoch=1, leader=0, leaderEpoch=0, isr=0, zkVersion=0, replicas=0, isNew=true) correlation id 4 from controller 0 epoch 1 for partition testRommel-0 (state.change.logger)
[2019-12-05 15:36:09,964] TRACE [Broker id=0] Received LeaderAndIsr request PartitionState(controllerEpoch=1, leader=0, leaderEpoch=0, isr=0, zkVersion=0, replicas=0, isNew=true) correlation id 5 from controller 0 epoch 1 for partition testRommel-0 (state.change.logger)
[2019-12-05 15:36:40,072] TRACE [Broker id=0] Received LeaderAndIsr request PartitionState(controllerEpoch=1, leader=0, leaderEpoch=0, isr=0, zkVersion=0, replicas=0, isNew=true) correlation id 6 from controller 0 epoch 1 for partition testRommel-0 (state.change.logger)
[2019-12-05 15:37:10,181] TRACE [Broker id=0] Received LeaderAndIsr request PartitionState(controllerEpoch=1, leader=0, leaderEpoch=0, isr=0, zkVersion=0, replicas=0, isNew=true) correlation id 7 from controller 0 epoch 1 for partition testRommel-0 (state.change.logger)
[2019-12-05 16:06:37,377] DEBUG preRegister called. Server=com.sun.jmx.mbeanserver.JmxMBeanServer@2a556333, name=log4j:logger=state.change.logger (state.change.logger)
[2019-12-05 16:08:39,298] DEBUG preRegister called. Server=com.sun.jmx.mbeanserver.JmxMBeanServer@2a556333, name=log4j:logger=state.change.logger (state.change.logger)
[2019-12-05 16:09:23,487] TRACE [Controller id=0 epoch=1] Received response {error_code=0} for request UPDATE_METADATA with correlation id 0 sent to broker DH-RLOAYZA.corp.dharbor.com:9092 (id: 0 rack: null) (state.change.logger)
[2019-12-05 16:11:02,626] TRACE [Controller id=0 epoch=1] Changed partition hail-0 state from NonExistentPartition to NewPartition with assigned replicas 0 (state.change.logger)
[2019-12-05 16:11:02,631] TRACE [Controller id=0 epoch=1] Changed state of replica 0 for partition hail-0 from NonExistentReplica to NewReplica (state.change.logger)
[2019-12-05 16:11:02,763] TRACE [Controller id=0 epoch=1] Changed partition hail-0 from NewPartition to OnlinePartition with state LeaderAndIsr(leader=0, leaderEpoch=0, isr=List(0), zkVersion=0) (state.change.logger)
[2019-12-05 16:11:02,764] TRACE [Controller id=0 epoch=1] Sending become-leader LeaderAndIsr request PartitionState(controllerEpoch=1, leader=0, leaderEpoch=0, isr=0, zkVersion=0, replicas=0, isNew=true) to broker 0 for partition hail-0 (state.change.logger)
[2019-12-05 16:11:02,766] TRACE [Controller id=0 epoch=1] Sending UpdateMetadata request PartitionState(controllerEpoch=1, leader=0, leaderEpoch=0, isr=[0], zkVersion=0, replicas=[0], offlineReplicas=[]) to brokers Set(0) for partition hail-0 (state.change.logger)
[2019-12-05 16:11:02,767] TRACE [Controller id=0 epoch=1] Changed state of replica 0 for partition hail-0 from NewReplica to OnlineReplica (state.change.logger)
[2019-12-05 16:11:02,767] TRACE [Broker id=0] Received LeaderAndIsr request PartitionState(controllerEpoch=1, leader=0, leaderEpoch=0, isr=0, zkVersion=0, replicas=0, isNew=true) correlation id 1 from controller 0 epoch 1 for partition hail-0 (state.change.logger)
[2019-12-05 16:11:02,774] TRACE [Broker id=0] Handling LeaderAndIsr request correlationId 1 from controller 0 epoch 1 starting the become-leader transition for partition hail-0 (state.change.logger)
[2019-12-05 16:11:02,936] TRACE [Broker id=0] Stopped fetchers as part of become-leader request from controller 0 epoch 1 with correlation id 1 for partition hail-0 (last update controller epoch 1) (state.change.logger)
[2019-12-05 16:11:02,936] TRACE [Broker id=0] Completed LeaderAndIsr request correlationId 1 from controller 0 epoch 1 for the become-leader transition for partition hail-0 (state.change.logger)
[2019-12-05 16:11:02,941] TRACE [Controller id=0 epoch=1] Received response {error_code=0,partitions=[{topic=hail,partition=0,error_code=0}]} for request LEADER_AND_ISR with correlation id 1 sent to broker DH-RLOAYZA.corp.dharbor.com:9092 (id: 0 rack: null) (state.change.logger)
[2019-12-05 16:11:02,945] TRACE [Broker id=0] Cached leader info PartitionState(controllerEpoch=1, leader=0, leaderEpoch=0, isr=[0], zkVersion=0, replicas=[0], offlineReplicas=[]) for partition hail-0 in response to UpdateMetadata request sent by controller 0 epoch 1 with correlation id 2 (state.change.logger)
[2019-12-05 16:11:02,946] TRACE [Controller id=0 epoch=1] Received response {error_code=0} for request UPDATE_METADATA with correlation id 2 sent to broker DH-RLOAYZA.corp.dharbor.com:9092 (id: 0 rack: null) (state.change.logger)
[2019-12-05 16:15:50,304] TRACE [Controller id=0 epoch=1] Changed partition new-message-0 state from NonExistentPartition to NewPartition with assigned replicas 0 (state.change.logger)
[2019-12-05 16:15:50,304] TRACE [Controller id=0 epoch=1] Changed state of replica 0 for partition new-message-0 from NonExistentReplica to NewReplica (state.change.logger)
[2019-12-05 16:15:50,428] TRACE [Controller id=0 epoch=1] Changed partition new-message-0 from NewPartition to OnlinePartition with state LeaderAndIsr(leader=0, leaderEpoch=0, isr=List(0), zkVersion=0) (state.change.logger)
[2019-12-05 16:15:50,428] TRACE [Controller id=0 epoch=1] Sending become-leader LeaderAndIsr request PartitionState(controllerEpoch=1, leader=0, leaderEpoch=0, isr=0, zkVersion=0, replicas=0, isNew=true) to broker 0 for partition new-message-0 (state.change.logger)
[2019-12-05 16:15:50,429] TRACE [Controller id=0 epoch=1] Sending UpdateMetadata request PartitionState(controllerEpoch=1, leader=0, leaderEpoch=0, isr=[0], zkVersion=0, replicas=[0], offlineReplicas=[]) to brokers Set(0) for partition new-message-0 (state.change.logger)
[2019-12-05 16:15:50,429] TRACE [Controller id=0 epoch=1] Changed state of replica 0 for partition new-message-0 from NewReplica to OnlineReplica (state.change.logger)
[2019-12-05 16:15:50,429] TRACE [Broker id=0] Received LeaderAndIsr request PartitionState(controllerEpoch=1, leader=0, leaderEpoch=0, isr=0, zkVersion=0, replicas=0, isNew=true) correlation id 3 from controller 0 epoch 1 for partition new-message-0 (state.change.logger)
[2019-12-05 16:15:50,430] TRACE [Broker id=0] Handling LeaderAndIsr request correlationId 3 from controller 0 epoch 1 starting the become-leader transition for partition new-message-0 (state.change.logger)
[2019-12-05 16:15:50,511] TRACE [Broker id=0] Stopped fetchers as part of become-leader request from controller 0 epoch 1 with correlation id 3 for partition new-message-0 (last update controller epoch 1) (state.change.logger)
[2019-12-05 16:15:50,512] TRACE [Broker id=0] Completed LeaderAndIsr request correlationId 3 from controller 0 epoch 1 for the become-leader transition for partition new-message-0 (state.change.logger)
[2019-12-05 16:15:50,512] TRACE [Controller id=0 epoch=1] Received response {error_code=0,partitions=[{topic=new-message,partition=0,error_code=0}]} for request LEADER_AND_ISR with correlation id 3 sent to broker DH-RLOAYZA.corp.dharbor.com:9092 (id: 0 rack: null) (state.change.logger)
[2019-12-05 16:15:50,513] TRACE [Broker id=0] Cached leader info PartitionState(controllerEpoch=1, leader=0, leaderEpoch=0, isr=[0], zkVersion=0, replicas=[0], offlineReplicas=[]) for partition new-message-0 in response to UpdateMetadata request sent by controller 0 epoch 1 with correlation id 4 (state.change.logger)
[2019-12-05 16:15:50,513] TRACE [Controller id=0 epoch=1] Received response {error_code=0} for request UPDATE_METADATA with correlation id 4 sent to broker DH-RLOAYZA.corp.dharbor.com:9092 (id: 0 rack: null) (state.change.logger)
[2019-12-05 16:23:35,893] TRACE [Controller id=0 epoch=1] Changed partition list-0 state from NonExistentPartition to NewPartition with assigned replicas 0 (state.change.logger)
[2019-12-05 16:23:35,893] TRACE [Controller id=0 epoch=1] Changed state of replica 0 for partition list-0 from NonExistentReplica to NewReplica (state.change.logger)
[2019-12-05 16:23:36,016] TRACE [Controller id=0 epoch=1] Changed partition list-0 from NewPartition to OnlinePartition with state LeaderAndIsr(leader=0, leaderEpoch=0, isr=List(0), zkVersion=0) (state.change.logger)
[2019-12-05 16:23:36,016] TRACE [Controller id=0 epoch=1] Sending become-leader LeaderAndIsr request PartitionState(controllerEpoch=1, leader=0, leaderEpoch=0, isr=0, zkVersion=0, replicas=0, isNew=true) to broker 0 for partition list-0 (state.change.logger)
[2019-12-05 16:23:36,017] TRACE [Controller id=0 epoch=1] Sending UpdateMetadata request PartitionState(controllerEpoch=1, leader=0, leaderEpoch=0, isr=[0], zkVersion=0, replicas=[0], offlineReplicas=[]) to brokers Set(0) for partition list-0 (state.change.logger)
[2019-12-05 16:23:36,017] TRACE [Controller id=0 epoch=1] Changed state of replica 0 for partition list-0 from NewReplica to OnlineReplica (state.change.logger)
[2019-12-05 16:23:36,017] TRACE [Broker id=0] Received LeaderAndIsr request PartitionState(controllerEpoch=1, leader=0, leaderEpoch=0, isr=0, zkVersion=0, replicas=0, isNew=true) correlation id 5 from controller 0 epoch 1 for partition list-0 (state.change.logger)
[2019-12-05 16:23:36,018] TRACE [Broker id=0] Handling LeaderAndIsr request correlationId 5 from controller 0 epoch 1 starting the become-leader transition for partition list-0 (state.change.logger)
[2019-12-05 16:23:36,068] TRACE [Broker id=0] Stopped fetchers as part of become-leader request from controller 0 epoch 1 with correlation id 5 for partition list-0 (last update controller epoch 1) (state.change.logger)
[2019-12-05 16:23:36,068] TRACE [Broker id=0] Completed LeaderAndIsr request correlationId 5 from controller 0 epoch 1 for the become-leader transition for partition list-0 (state.change.logger)
[2019-12-05 16:23:36,069] TRACE [Controller id=0 epoch=1] Received response {error_code=0,partitions=[{topic=list,partition=0,error_code=0}]} for request LEADER_AND_ISR with correlation id 5 sent to broker DH-RLOAYZA.corp.dharbor.com:9092 (id: 0 rack: null) (state.change.logger)
[2019-12-05 16:23:36,069] TRACE [Broker id=0] Cached leader info PartitionState(controllerEpoch=1, leader=0, leaderEpoch=0, isr=[0], zkVersion=0, replicas=[0], offlineReplicas=[]) for partition list-0 in response to UpdateMetadata request sent by controller 0 epoch 1 with correlation id 6 (state.change.logger)
[2019-12-05 16:23:36,070] TRACE [Controller id=0 epoch=1] Received response {error_code=0} for request UPDATE_METADATA with correlation id 6 sent to broker DH-RLOAYZA.corp.dharbor.com:9092 (id: 0 rack: null) (state.change.logger)
